<?xml version="1.0" encoding="UTF-8"?>
<testng-results skipped="0" failed="1" total="1" passed="0">
  <reporter-output>
  </reporter-output>
  <suite name="Default suite" duration-ms="126708" started-at="2020-03-30T12:30:29Z" finished-at="2020-03-30T12:32:36Z">
    <groups>
      <group name="cucumber">
        <method signature="BaseTest.feature(cucumber.api.testng.CucumberFeatureWrapper)[pri:0, instance:ctr.driver.BaseTest@4d3167f4]" name="feature" class="ctr.driver.BaseTest"/>
      </group> <!-- cucumber -->
    </groups>
    <test name="Default test" duration-ms="126708" started-at="2020-03-30T12:30:29Z" finished-at="2020-03-30T12:32:36Z">
      <class name="ctr.driver.BaseTest">
        <test-method status="PASS" signature="setupClass()[pri:0, instance:ctr.driver.BaseTest@4d3167f4]" name="setupClass" is-config="true" duration-ms="214" started-at="2020-03-30T18:00:29Z" finished-at="2020-03-30T18:00:29Z">
          <reporter-output>
          </reporter-output>
        </test-method> <!-- setupClass -->
        <test-method status="PASS" signature="setup()[pri:0, instance:ctr.driver.BaseTest@4d3167f4]" name="setup" is-config="true" duration-ms="113678" started-at="2020-03-30T18:00:30Z" finished-at="2020-03-30T18:02:23Z">
          <reporter-output>
          </reporter-output>
        </test-method> <!-- setup -->
        <test-method status="FAIL" signature="feature(cucumber.api.testng.CucumberFeatureWrapper)[pri:0, instance:ctr.driver.BaseTest@4d3167f4]" name="feature" duration-ms="1135" started-at="2020-03-30T18:02:23Z" description="Runs Cucumber Feature" data-provider="features" finished-at="2020-03-30T18:02:24Z">
          <params>
            <param index="0">
              <value>
                <![CDATA[Verify CTR app]]>
              </value>
            </param>
          </params>
          <exception class="cucumber.runtime.CucumberException">
            <message>
              <![CDATA[java.lang.NullPointerException]]>
            </message>
            <full-stacktrace>
              <![CDATA[cucumber.runtime.CucumberException: java.lang.NullPointerException
	at cucumber.api.testng.TestNGCucumberRunner.runCucumber(TestNGCucumberRunner.java:69)
	at ctr.driver.BaseTest.feature(BaseTest.java:62)
	at sun.reflect.NativeMethodAccessorImpl.invoke0(Native Method)
	at sun.reflect.NativeMethodAccessorImpl.invoke(Unknown Source)
	at sun.reflect.DelegatingMethodAccessorImpl.invoke(Unknown Source)
	at java.lang.reflect.Method.invoke(Unknown Source)
	at org.testng.internal.MethodInvocationHelper.invokeMethod(MethodInvocationHelper.java:100)
	at org.testng.internal.Invoker.invokeMethod(Invoker.java:646)
	at org.testng.internal.Invoker.invokeTestMethod(Invoker.java:811)
	at org.testng.internal.Invoker.invokeTestMethods(Invoker.java:1129)
	at org.testng.internal.TestMethodWorker.invokeTestMethods(TestMethodWorker.java:129)
	at org.testng.internal.TestMethodWorker.run(TestMethodWorker.java:112)
	at org.testng.TestRunner.privateRun(TestRunner.java:746)
	at org.testng.TestRunner.run(TestRunner.java:600)
	at org.testng.SuiteRunner.runTest(SuiteRunner.java:366)
	at org.testng.SuiteRunner.runSequentially(SuiteRunner.java:361)
	at org.testng.SuiteRunner.privateRun(SuiteRunner.java:319)
	at org.testng.SuiteRunner.run(SuiteRunner.java:268)
	at org.testng.SuiteRunnerWorker.runSuite(SuiteRunnerWorker.java:52)
	at org.testng.SuiteRunnerWorker.run(SuiteRunnerWorker.java:86)
	at org.testng.TestNG.runSuitesSequentially(TestNG.java:1264)
	at org.testng.TestNG.runSuitesLocally(TestNG.java:1189)
	at org.testng.TestNG.runSuites(TestNG.java:1104)
	at org.testng.TestNG.run(TestNG.java:1076)
	at org.testng.remote.AbstractRemoteTestNG.run(AbstractRemoteTestNG.java:126)
	at org.testng.remote.RemoteTestNG.initAndRun(RemoteTestNG.java:152)
	at org.testng.remote.RemoteTestNG.main(RemoteTestNG.java:57)
Caused by: java.lang.NullPointerException
	at ctr.commonLib.ExtentReportClass.reportMethodName(ExtentReportClass.java:62)
	at ctr.testScripts.AddToCart.i_click_on_Allow_button(AddToCart.java:21)
	at ✽.Given I click on 'Allow' button(addToCart.feature:5)
]]>
            </full-stacktrace>
          </exception> <!-- cucumber.runtime.CucumberException -->
          <reporter-output>
          </reporter-output>
        </test-method> <!-- feature -->
        <test-method status="PASS" signature="teardown()[pri:0, instance:ctr.driver.BaseTest@4d3167f4]" name="teardown" is-config="true" duration-ms="11594" started-at="2020-03-30T18:02:24Z" finished-at="2020-03-30T18:02:36Z">
          <reporter-output>
          </reporter-output>
        </test-method> <!-- teardown -->
      </class> <!-- ctr.driver.BaseTest -->
    </test> <!-- Default test -->
  </suite> <!-- Default suite -->
</testng-results>
