<?xml version="1.0" encoding="UTF-8"?>
<testng-results skipped="0" failed="0" total="1" passed="1">
  <reporter-output>
  </reporter-output>
  <suite name="Default suite" duration-ms="234101" started-at="2020-03-26T06:04:48Z" finished-at="2020-03-26T06:08:42Z">
    <groups>
    </groups>
    <test name="Default test" duration-ms="234101" started-at="2020-03-26T06:04:48Z" finished-at="2020-03-26T06:08:42Z">
      <class name="com.ctr.tests.AddToCart">
        <test-method status="PASS" signature="reportSetup()[pri:0, instance:com.ctr.tests.AddToCart@79079097]" name="reportSetup" is-config="true" duration-ms="151" started-at="2020-03-26T11:34:48Z" finished-at="2020-03-26T11:34:48Z">
          <reporter-output>
          </reporter-output>
        </test-method> <!-- reportSetup -->
        <test-method status="PASS" signature="setup()[pri:0, instance:com.ctr.tests.AddToCart@79079097]" name="setup" is-config="true" duration-ms="153917" started-at="2020-03-26T11:34:48Z" finished-at="2020-03-26T11:37:22Z">
          <reporter-output>
          </reporter-output>
        </test-method> <!-- setup -->
        <test-method status="PASS" signature="beforeMethod(java.lang.reflect.Method)[pri:0, instance:com.ctr.tests.AddToCart@79079097]" name="beforeMethod" is-config="true" duration-ms="791" started-at="2020-03-26T11:37:22Z" finished-at="2020-03-26T11:37:23Z">
          <params>
            <param index="0">
              <value>
                <![CDATA[public void com.ctr.tests.AddToCart.addToCartFlow() throws java.lang.InterruptedException]]>
              </value>
            </param>
          </params>
          <reporter-output>
          </reporter-output>
        </test-method> <!-- beforeMethod -->
        <test-method status="PASS" signature="addToCartFlow()[pri:0, instance:com.ctr.tests.AddToCart@79079097]" name="addToCartFlow" duration-ms="73426" started-at="2020-03-26T11:37:23Z" finished-at="2020-03-26T11:38:36Z">
          <reporter-output>
          </reporter-output>
        </test-method> <!-- addToCartFlow -->
        <test-method status="PASS" signature="teardown()[pri:0, instance:com.ctr.tests.AddToCart@79079097]" name="teardown" is-config="true" duration-ms="5901" started-at="2020-03-26T11:38:36Z" finished-at="2020-03-26T11:38:42Z">
          <reporter-output>
          </reporter-output>
        </test-method> <!-- teardown -->
        <test-method status="PASS" signature="reportTeardown()[pri:0, instance:com.ctr.tests.AddToCart@79079097]" name="reportTeardown" is-config="true" duration-ms="300" started-at="2020-03-26T11:38:42Z" finished-at="2020-03-26T11:38:43Z">
          <reporter-output>
          </reporter-output>
        </test-method> <!-- reportTeardown -->
      </class> <!-- com.ctr.tests.AddToCart -->
    </test> <!-- Default test -->
  </suite> <!-- Default suite -->
</testng-results>
